0 info it worked if it ends with ok
1 verbose cli [ 'node', '/Users/joshkemp/.node/bin/npm', 'install' ]
2 info using npm@2.5.1
3 info using node@v0.10.35
4 verbose node symlink /usr/local/bin/node
5 verbose config Skipping project config: /Users/joshkemp/.npmrc. (matches userconfig)
6 error install Couldn't read dependencies
7 verbose stack Error: ENOENT, open '/Users/joshkemp/package.json'
8 verbose cwd /Users/joshkemp/josh/farrier_app
9 error Darwin 13.4.0
10 error argv "node" "/Users/joshkemp/.node/bin/npm" "install"
11 error node v0.10.35
12 error npm  v2.5.1
13 error path /Users/joshkemp/package.json
14 error code ENOPACKAGEJSON
15 error errno 34
16 error package.json ENOENT, open '/Users/joshkemp/package.json'
16 error package.json This is most likely not a problem with npm itself.
16 error package.json npm can't find a package.json file in your current directory.
17 verbose exit [ 34, true ]
